<?xml version="1.0" encoding="UTF-8"?>
<robot generator="Robot 6.1.1 (Python 3.12.0 on win32)" generated="20231223 17:57:04.033" rpa="false" schemaversion="4">
<suite id="s1" name="Basic-Automation-Main" source="C:\Users\SAKTI\Desktop\basic-automation-main">
<suite id="s1-s1" name="Project-Demo" source="C:\Users\SAKTI\Desktop\basic-automation-main\project-demo">
<suite id="s1-s1-s1" name="Test-Suite-1" source="C:\Users\SAKTI\Desktop\basic-automation-main\project-demo\test-suite-1.robot">
<test id="s1-s1-s1-t1" name="testcase-1" line="24">
<kw name="Login Success">
<kw name="Open Browser" library="SeleniumLibrary">
<arg>${HOST}</arg>
<arg>${BROWSER}</arg>
<doc>Opens a new browser instance to the optional ``url``.</doc>
<msg timestamp="20231223 17:57:04.322" level="INFO">Opening browser 'headlesschrome' to base url 'http://127.0.0.1:8000'.</msg>
<msg timestamp="20231223 17:57:10.132" level="INFO" html="true">&lt;/td&gt;&lt;/tr&gt;&lt;tr&gt;&lt;td colspan="3"&gt;&lt;a href="selenium-screenshot-67.png"&gt;&lt;img src="selenium-screenshot-67.png" width="800px"&gt;&lt;/a&gt;</msg>
<msg timestamp="20231223 17:57:10.133" level="FAIL">WebDriverException: Message: unknown error: net::ERR_CONNECTION_REFUSED
  (Session info: chrome=120.0.6099.111)
Stacktrace:
	GetHandleVerifier [0x00007FF6693A2142+3514994]
	(No symbol) [0x00007FF668FC0CE2]
	(No symbol) [0x00007FF668E676AA]
	(No symbol) [0x00007FF668E5FB39]
	(No symbol) [0x00007FF668E525DD]
	(No symbol) [0x00007FF668E516FD]
	(No symbol) [0x00007FF668E50746]
	(No symbol) [0x00007FF668E506EB]
	(No symbol) [0x00007FF668E4EE3D]
	(No symbol) [0x00007FF668E4F603]
	(No symbol) [0x00007FF668E6A0FD]
	(No symbol) [0x00007FF668EF2E01]
	(No symbol) [0x00007FF668ED5FEA]
	(No symbol) [0x00007FF668EF28F6]
	(No symbol) [0x00007FF668ED5D93]
	(No symbol) [0x00007FF668EA4BDC]
	(No symbol) [0x00007FF668EA5C64]
	GetHandleVerifier [0x00007FF6693CE16B+3695259]
	GetHandleVerifier [0x00007FF669426737+4057191]
	GetHandleVerifier [0x00007FF66941E4E3+4023827]
	GetHandleVerifier [0x00007FF6690F04F9+689705]
	(No symbol) [0x00007FF668FCC048]
	(No symbol) [0x00007FF668FC8044]
	(No symbol) [0x00007FF668FC81C9]
	(No symbol) [0x00007FF668FB88C4]
	BaseThreadInitThunk [0x00007FFF296B53E0+16]
	RtlUserThreadStart [0x00007FFF2A46485B+43]
</msg>
<status status="FAIL" starttime="20231223 17:57:04.321" endtime="20231223 17:57:10.139"/>
</kw>
<kw name="Click Element" library="SeleniumLibrary">
<arg>xpath://a[@href='/login']</arg>
<doc>Click the element identified by ``locator``.</doc>
<status status="NOT RUN" starttime="20231223 17:57:10.140" endtime="20231223 17:57:10.140"/>
</kw>
<kw name="Page Should Contain Element" library="SeleniumLibrary">
<arg>xpath://input[@name='email']</arg>
<doc>Verifies that element ``locator`` is found on the current page.</doc>
<status status="NOT RUN" starttime="20231223 17:57:10.140" endtime="20231223 17:57:10.140"/>
</kw>
<kw name="Input Text" library="SeleniumLibrary">
<arg>name:email</arg>
<arg>${EMAIL}</arg>
<doc>Types the given ``text`` into the text field identified by ``locator``.</doc>
<status status="NOT RUN" starttime="20231223 17:57:10.140" endtime="20231223 17:57:10.141"/>
</kw>
<kw name="Input Text" library="SeleniumLibrary">
<arg>name:password</arg>
<arg>${PASS-1}</arg>
<doc>Types the given ``text`` into the text field identified by ``locator``.</doc>
<status status="NOT RUN" starttime="20231223 17:57:10.141" endtime="20231223 17:57:10.141"/>
</kw>
<kw name="Click Element" library="SeleniumLibrary">
<arg>xpath://button[@type='submit']</arg>
<doc>Click the element identified by ``locator``.</doc>
<status status="NOT RUN" starttime="20231223 17:57:10.141" endtime="20231223 17:57:10.141"/>
</kw>
<kw name="Page Should Contain Element" library="SeleniumLibrary">
<arg>xpath://a[@href='/listings/manage']</arg>
<doc>Verifies that element ``locator`` is found on the current page.</doc>
<status status="NOT RUN" starttime="20231223 17:57:10.142" endtime="20231223 17:57:10.142"/>
</kw>
<status status="FAIL" starttime="20231223 17:57:04.320" endtime="20231223 17:57:10.142"/>
</kw>
<kw name="Close Browser" library="SeleniumLibrary">
<doc>Closes the current browser.</doc>
<status status="NOT RUN" starttime="20231223 17:57:10.143" endtime="20231223 17:57:10.143"/>
</kw>
<status status="FAIL" starttime="20231223 17:57:04.320" endtime="20231223 17:57:10.144">WebDriverException: Message: unknown error: net::ERR_CONNECTION_REFUSED
  (Session info: chrome=120.0.6099.111)
Stacktrace:
	GetHandleVerifier [0x00007FF6693A2142+3514994]
	(No symbol) [0x00007FF668FC0CE2]
	(No symbol) [0x00007FF668E676AA]
	(No symbol) [0x00007FF668E5FB39]
	(No symbol) [0x00007FF668E525DD]
	(No symbol) [0x00007FF668E516FD]
	(No symbol) [0x00007FF668E50746]
	(No symbol) [0x00007FF668E506EB]
	(No symbol) [0x00007FF668E4EE3D]
	(No symbol) [0x00007FF668E4F603]
	(No symbol) [0x00007FF668E6A0FD]
	(No symbol) [0x00007FF668EF2E01]
	(No symbol) [0x00007FF668ED5FEA]
	(No symbol) [0x00007FF668EF28F6]
	(No symbol) [0x00007FF668ED5D93]
	(No symbol) [0x00007FF668EA4BDC]
	(No symbol) [0x00007FF668EA5C64]
	GetHandleVerifier [0x00007FF6693CE16B+3695259]
	GetHandleVerifier [0x00007FF669426737+4057191]
	GetHandleVerifier [0x00007FF66941E4E3+4023827]
	GetHandleVerifier [0x00007FF6690F04F9+689705]
	(No symbol) [0x00007FF668FCC048]
	(No symbol) [0x00007FF668FC8044]
	(No symbol) [0x00007FF668FC81C9]
	(No symbol) [0x00007FF668FB88C4]
	BaseThreadInitThunk [0x00007FFF296B53E0+16]
	RtlUserThreadStart [0x00007FFF2A46485B+43]
</status>
</test>
<test id="s1-s1-s1-t2" name="testcase-2" line="29">
<kw name="Open Browser" library="SeleniumLibrary">
<arg>${HOST}</arg>
<arg>${BROWSER}</arg>
<doc>Opens a new browser instance to the optional ``url``.</doc>
<msg timestamp="20231223 17:57:10.150" level="INFO">Opening browser 'headlesschrome' to base url 'http://127.0.0.1:8000'.</msg>
<msg timestamp="20231223 17:57:15.759" level="INFO" html="true">&lt;/td&gt;&lt;/tr&gt;&lt;tr&gt;&lt;td colspan="3"&gt;&lt;a href="selenium-screenshot-68.png"&gt;&lt;img src="selenium-screenshot-68.png" width="800px"&gt;&lt;/a&gt;</msg>
<msg timestamp="20231223 17:57:15.759" level="FAIL">WebDriverException: Message: unknown error: net::ERR_CONNECTION_REFUSED
  (Session info: chrome=120.0.6099.111)
Stacktrace:
	GetHandleVerifier [0x00007FF6693A2142+3514994]
	(No symbol) [0x00007FF668FC0CE2]
	(No symbol) [0x00007FF668E676AA]
	(No symbol) [0x00007FF668E5FB39]
	(No symbol) [0x00007FF668E525DD]
	(No symbol) [0x00007FF668E516FD]
	(No symbol) [0x00007FF668E50746]
	(No symbol) [0x00007FF668E506EB]
	(No symbol) [0x00007FF668E4EE3D]
	(No symbol) [0x00007FF668E4F603]
	(No symbol) [0x00007FF668E6A0FD]
	(No symbol) [0x00007FF668EF2E01]
	(No symbol) [0x00007FF668ED5FEA]
	(No symbol) [0x00007FF668EF28F6]
	(No symbol) [0x00007FF668ED5D93]
	(No symbol) [0x00007FF668EA4BDC]
	(No symbol) [0x00007FF668EA5C64]
	GetHandleVerifier [0x00007FF6693CE16B+3695259]
	GetHandleVerifier [0x00007FF669426737+4057191]
	GetHandleVerifier [0x00007FF66941E4E3+4023827]
	GetHandleVerifier [0x00007FF6690F04F9+689705]
	(No symbol) [0x00007FF668FCC048]
	(No symbol) [0x00007FF668FC8044]
	(No symbol) [0x00007FF668FC81C9]
	(No symbol) [0x00007FF668FB88C4]
	BaseThreadInitThunk [0x00007FFF296B53E0+16]
	RtlUserThreadStart [0x00007FFF2A46485B+43]
</msg>
<status status="FAIL" starttime="20231223 17:57:10.149" endtime="20231223 17:57:15.761"/>
</kw>
<kw name="Click Element" library="SeleniumLibrary">
<arg>xpath://a[@href='/login']</arg>
<doc>Click the element identified by ``locator``.</doc>
<status status="NOT RUN" starttime="20231223 17:57:15.765" endtime="20231223 17:57:15.766"/>
</kw>
<kw name="Page Should Contain Element" library="SeleniumLibrary">
<arg>xpath://input[@name='email']</arg>
<doc>Verifies that element ``locator`` is found on the current page.</doc>
<status status="NOT RUN" starttime="20231223 17:57:15.766" endtime="20231223 17:57:15.766"/>
</kw>
<kw name="Input Text" library="SeleniumLibrary">
<arg>name:email</arg>
<arg>${EMAIL}</arg>
<doc>Types the given ``text`` into the text field identified by ``locator``.</doc>
<status status="NOT RUN" starttime="20231223 17:57:15.767" endtime="20231223 17:57:15.767"/>
</kw>
<kw name="Input Text" library="SeleniumLibrary">
<arg>name:password</arg>
<arg>${PASS-2}</arg>
<doc>Types the given ``text`` into the text field identified by ``locator``.</doc>
<status status="NOT RUN" starttime="20231223 17:57:15.767" endtime="20231223 17:57:15.768"/>
</kw>
<kw name="Click Element" library="SeleniumLibrary">
<arg>xpath://button[@type='submit']</arg>
<doc>Click the element identified by ``locator``.</doc>
<status status="NOT RUN" starttime="20231223 17:57:15.768" endtime="20231223 17:57:15.768"/>
</kw>
<kw name="Page Should Not Contain Element" library="SeleniumLibrary">
<arg>xpath://a[@href='/listings/manage']</arg>
<doc>Verifies that element ``locator`` is not found on the current page.</doc>
<status status="NOT RUN" starttime="20231223 17:57:15.769" endtime="20231223 17:57:15.769"/>
</kw>
<kw name="Close Browser" library="SeleniumLibrary">
<doc>Closes the current browser.</doc>
<status status="NOT RUN" starttime="20231223 17:57:15.769" endtime="20231223 17:57:15.769"/>
</kw>
<status status="FAIL" starttime="20231223 17:57:10.148" endtime="20231223 17:57:15.770">WebDriverException: Message: unknown error: net::ERR_CONNECTION_REFUSED
  (Session info: chrome=120.0.6099.111)
Stacktrace:
	GetHandleVerifier [0x00007FF6693A2142+3514994]
	(No symbol) [0x00007FF668FC0CE2]
	(No symbol) [0x00007FF668E676AA]
	(No symbol) [0x00007FF668E5FB39]
	(No symbol) [0x00007FF668E525DD]
	(No symbol) [0x00007FF668E516FD]
	(No symbol) [0x00007FF668E50746]
	(No symbol) [0x00007FF668E506EB]
	(No symbol) [0x00007FF668E4EE3D]
	(No symbol) [0x00007FF668E4F603]
	(No symbol) [0x00007FF668E6A0FD]
	(No symbol) [0x00007FF668EF2E01]
	(No symbol) [0x00007FF668ED5FEA]
	(No symbol) [0x00007FF668EF28F6]
	(No symbol) [0x00007FF668ED5D93]
	(No symbol) [0x00007FF668EA4BDC]
	(No symbol) [0x00007FF668EA5C64]
	GetHandleVerifier [0x00007FF6693CE16B+3695259]
	GetHandleVerifier [0x00007FF669426737+4057191]
	GetHandleVerifier [0x00007FF66941E4E3+4023827]
	GetHandleVerifier [0x00007FF6690F04F9+689705]
	(No symbol) [0x00007FF668FCC048]
	(No symbol) [0x00007FF668FC8044]
	(No symbol) [0x00007FF668FC81C9]
	(No symbol) [0x00007FF668FB88C4]
	BaseThreadInitThunk [0x00007FFF296B53E0+16]
	RtlUserThreadStart [0x00007FFF2A46485B+43]
</status>
</test>
<test id="s1-s1-s1-t3" name="testcase-3" line="40">
<kw name="Login Success">
<kw name="Open Browser" library="SeleniumLibrary">
<arg>${HOST}</arg>
<arg>${BROWSER}</arg>
<doc>Opens a new browser instance to the optional ``url``.</doc>
<msg timestamp="20231223 17:57:15.777" level="INFO">Opening browser 'headlesschrome' to base url 'http://127.0.0.1:8000'.</msg>
<msg timestamp="20231223 17:57:21.494" level="INFO" html="true">&lt;/td&gt;&lt;/tr&gt;&lt;tr&gt;&lt;td colspan="3"&gt;&lt;a href="selenium-screenshot-69.png"&gt;&lt;img src="selenium-screenshot-69.png" width="800px"&gt;&lt;/a&gt;</msg>
<msg timestamp="20231223 17:57:21.494" level="FAIL">WebDriverException: Message: unknown error: net::ERR_CONNECTION_REFUSED
  (Session info: chrome=120.0.6099.111)
Stacktrace:
	GetHandleVerifier [0x00007FF6693A2142+3514994]
	(No symbol) [0x00007FF668FC0CE2]
	(No symbol) [0x00007FF668E676AA]
	(No symbol) [0x00007FF668E5FB39]
	(No symbol) [0x00007FF668E525DD]
	(No symbol) [0x00007FF668E516FD]
	(No symbol) [0x00007FF668E50746]
	(No symbol) [0x00007FF668E506EB]
	(No symbol) [0x00007FF668E4EE3D]
	(No symbol) [0x00007FF668E4F603]
	(No symbol) [0x00007FF668E6A0FD]
	(No symbol) [0x00007FF668EF2E01]
	(No symbol) [0x00007FF668ED5FEA]
	(No symbol) [0x00007FF668EF28F6]
	(No symbol) [0x00007FF668ED5D93]
	(No symbol) [0x00007FF668EA4BDC]
	(No symbol) [0x00007FF668EA5C64]
	GetHandleVerifier [0x00007FF6693CE16B+3695259]
	GetHandleVerifier [0x00007FF669426737+4057191]
	GetHandleVerifier [0x00007FF66941E4E3+4023827]
	GetHandleVerifier [0x00007FF6690F04F9+689705]
	(No symbol) [0x00007FF668FCC048]
	(No symbol) [0x00007FF668FC8044]
	(No symbol) [0x00007FF668FC81C9]
	(No symbol) [0x00007FF668FB88C4]
	BaseThreadInitThunk [0x00007FFF296B53E0+16]
	RtlUserThreadStart [0x00007FFF2A46485B+43]
</msg>
<status status="FAIL" starttime="20231223 17:57:15.776" endtime="20231223 17:57:21.496"/>
</kw>
<kw name="Click Element" library="SeleniumLibrary">
<arg>xpath://a[@href='/login']</arg>
<doc>Click the element identified by ``locator``.</doc>
<status status="NOT RUN" starttime="20231223 17:57:21.497" endtime="20231223 17:57:21.497"/>
</kw>
<kw name="Page Should Contain Element" library="SeleniumLibrary">
<arg>xpath://input[@name='email']</arg>
<doc>Verifies that element ``locator`` is found on the current page.</doc>
<status status="NOT RUN" starttime="20231223 17:57:21.497" endtime="20231223 17:57:21.497"/>
</kw>
<kw name="Input Text" library="SeleniumLibrary">
<arg>name:email</arg>
<arg>${EMAIL}</arg>
<doc>Types the given ``text`` into the text field identified by ``locator``.</doc>
<status status="NOT RUN" starttime="20231223 17:57:21.497" endtime="20231223 17:57:21.497"/>
</kw>
<kw name="Input Text" library="SeleniumLibrary">
<arg>name:password</arg>
<arg>${PASS-1}</arg>
<doc>Types the given ``text`` into the text field identified by ``locator``.</doc>
<status status="NOT RUN" starttime="20231223 17:57:21.498" endtime="20231223 17:57:21.498"/>
</kw>
<kw name="Click Element" library="SeleniumLibrary">
<arg>xpath://button[@type='submit']</arg>
<doc>Click the element identified by ``locator``.</doc>
<status status="NOT RUN" starttime="20231223 17:57:21.498" endtime="20231223 17:57:21.498"/>
</kw>
<kw name="Page Should Contain Element" library="SeleniumLibrary">
<arg>xpath://a[@href='/listings/manage']</arg>
<doc>Verifies that element ``locator`` is found on the current page.</doc>
<status status="NOT RUN" starttime="20231223 17:57:21.498" endtime="20231223 17:57:21.498"/>
</kw>
<status status="FAIL" starttime="20231223 17:57:15.776" endtime="20231223 17:57:21.499"/>
</kw>
<kw name="Click Element" library="SeleniumLibrary">
<arg>xpath://button[@id='logout']</arg>
<doc>Click the element identified by ``locator``.</doc>
<status status="NOT RUN" starttime="20231223 17:57:21.499" endtime="20231223 17:57:21.499"/>
</kw>
<kw name="Page Should Contain Element" library="SeleniumLibrary">
<arg>xpath://a[@href='/login']</arg>
<doc>Verifies that element ``locator`` is found on the current page.</doc>
<status status="NOT RUN" starttime="20231223 17:57:21.500" endtime="20231223 17:57:21.500"/>
</kw>
<kw name="Close Browser" library="SeleniumLibrary">
<doc>Closes the current browser.</doc>
<status status="NOT RUN" starttime="20231223 17:57:21.500" endtime="20231223 17:57:21.500"/>
</kw>
<status status="FAIL" starttime="20231223 17:57:15.775" endtime="20231223 17:57:21.501">WebDriverException: Message: unknown error: net::ERR_CONNECTION_REFUSED
  (Session info: chrome=120.0.6099.111)
Stacktrace:
	GetHandleVerifier [0x00007FF6693A2142+3514994]
	(No symbol) [0x00007FF668FC0CE2]
	(No symbol) [0x00007FF668E676AA]
	(No symbol) [0x00007FF668E5FB39]
	(No symbol) [0x00007FF668E525DD]
	(No symbol) [0x00007FF668E516FD]
	(No symbol) [0x00007FF668E50746]
	(No symbol) [0x00007FF668E506EB]
	(No symbol) [0x00007FF668E4EE3D]
	(No symbol) [0x00007FF668E4F603]
	(No symbol) [0x00007FF668E6A0FD]
	(No symbol) [0x00007FF668EF2E01]
	(No symbol) [0x00007FF668ED5FEA]
	(No symbol) [0x00007FF668EF28F6]
	(No symbol) [0x00007FF668ED5D93]
	(No symbol) [0x00007FF668EA4BDC]
	(No symbol) [0x00007FF668EA5C64]
	GetHandleVerifier [0x00007FF6693CE16B+3695259]
	GetHandleVerifier [0x00007FF669426737+4057191]
	GetHandleVerifier [0x00007FF66941E4E3+4023827]
	GetHandleVerifier [0x00007FF6690F04F9+689705]
	(No symbol) [0x00007FF668FCC048]
	(No symbol) [0x00007FF668FC8044]
	(No symbol) [0x00007FF668FC81C9]
	(No symbol) [0x00007FF668FB88C4]
	BaseThreadInitThunk [0x00007FFF296B53E0+16]
	RtlUserThreadStart [0x00007FFF2A46485B+43]
</status>
</test>
<test id="s1-s1-s1-t4" name="testcase-4" line="47">
<kw name="Login Success">
<kw name="Open Browser" library="SeleniumLibrary">
<arg>${HOST}</arg>
<arg>${BROWSER}</arg>
<doc>Opens a new browser instance to the optional ``url``.</doc>
<msg timestamp="20231223 17:57:21.507" level="INFO">Opening browser 'headlesschrome' to base url 'http://127.0.0.1:8000'.</msg>
<msg timestamp="20231223 17:57:27.201" level="INFO" html="true">&lt;/td&gt;&lt;/tr&gt;&lt;tr&gt;&lt;td colspan="3"&gt;&lt;a href="selenium-screenshot-70.png"&gt;&lt;img src="selenium-screenshot-70.png" width="800px"&gt;&lt;/a&gt;</msg>
<msg timestamp="20231223 17:57:27.202" level="FAIL">WebDriverException: Message: unknown error: net::ERR_CONNECTION_REFUSED
  (Session info: chrome=120.0.6099.111)
Stacktrace:
	GetHandleVerifier [0x00007FF6693A2142+3514994]
	(No symbol) [0x00007FF668FC0CE2]
	(No symbol) [0x00007FF668E676AA]
	(No symbol) [0x00007FF668E5FB39]
	(No symbol) [0x00007FF668E525DD]
	(No symbol) [0x00007FF668E516FD]
	(No symbol) [0x00007FF668E50746]
	(No symbol) [0x00007FF668E506EB]
	(No symbol) [0x00007FF668E4EE3D]
	(No symbol) [0x00007FF668E4F603]
	(No symbol) [0x00007FF668E6A0FD]
	(No symbol) [0x00007FF668EF2E01]
	(No symbol) [0x00007FF668ED5FEA]
	(No symbol) [0x00007FF668EF28F6]
	(No symbol) [0x00007FF668ED5D93]
	(No symbol) [0x00007FF668EA4BDC]
	(No symbol) [0x00007FF668EA5C64]
	GetHandleVerifier [0x00007FF6693CE16B+3695259]
	GetHandleVerifier [0x00007FF669426737+4057191]
	GetHandleVerifier [0x00007FF66941E4E3+4023827]
	GetHandleVerifier [0x00007FF6690F04F9+689705]
	(No symbol) [0x00007FF668FCC048]
	(No symbol) [0x00007FF668FC8044]
	(No symbol) [0x00007FF668FC81C9]
	(No symbol) [0x00007FF668FB88C4]
	BaseThreadInitThunk [0x00007FFF296B53E0+16]
	RtlUserThreadStart [0x00007FFF2A46485B+43]
</msg>
<status status="FAIL" starttime="20231223 17:57:21.506" endtime="20231223 17:57:27.204"/>
</kw>
<kw name="Click Element" library="SeleniumLibrary">
<arg>xpath://a[@href='/login']</arg>
<doc>Click the element identified by ``locator``.</doc>
<status status="NOT RUN" starttime="20231223 17:57:27.205" endtime="20231223 17:57:27.205"/>
</kw>
<kw name="Page Should Contain Element" library="SeleniumLibrary">
<arg>xpath://input[@name='email']</arg>
<doc>Verifies that element ``locator`` is found on the current page.</doc>
<status status="NOT RUN" starttime="20231223 17:57:27.205" endtime="20231223 17:57:27.205"/>
</kw>
<kw name="Input Text" library="SeleniumLibrary">
<arg>name:email</arg>
<arg>${EMAIL}</arg>
<doc>Types the given ``text`` into the text field identified by ``locator``.</doc>
<status status="NOT RUN" starttime="20231223 17:57:27.205" endtime="20231223 17:57:27.205"/>
</kw>
<kw name="Input Text" library="SeleniumLibrary">
<arg>name:password</arg>
<arg>${PASS-1}</arg>
<doc>Types the given ``text`` into the text field identified by ``locator``.</doc>
<status status="NOT RUN" starttime="20231223 17:57:27.206" endtime="20231223 17:57:27.206"/>
</kw>
<kw name="Click Element" library="SeleniumLibrary">
<arg>xpath://button[@type='submit']</arg>
<doc>Click the element identified by ``locator``.</doc>
<status status="NOT RUN" starttime="20231223 17:57:27.206" endtime="20231223 17:57:27.206"/>
</kw>
<kw name="Page Should Contain Element" library="SeleniumLibrary">
<arg>xpath://a[@href='/listings/manage']</arg>
<doc>Verifies that element ``locator`` is found on the current page.</doc>
<status status="NOT RUN" starttime="20231223 17:57:27.206" endtime="20231223 17:57:27.206"/>
</kw>
<status status="FAIL" starttime="20231223 17:57:21.506" endtime="20231223 17:57:27.207"/>
</kw>
<kw name="Click Element" library="SeleniumLibrary">
<arg>xpath://a[@href='/listings/create']</arg>
<doc>Click the element identified by ``locator``.</doc>
<status status="NOT RUN" starttime="20231223 17:57:27.207" endtime="20231223 17:57:27.207"/>
</kw>
<kw name="Page Should Contain Element" library="SeleniumLibrary">
<arg>xpath://input[@name='company']</arg>
<doc>Verifies that element ``locator`` is found on the current page.</doc>
<status status="NOT RUN" starttime="20231223 17:57:27.208" endtime="20231223 17:57:27.208"/>
</kw>
<kw name="Input Text" library="SeleniumLibrary">
<arg>name:company</arg>
<arg>${COMPANY}</arg>
<doc>Types the given ``text`` into the text field identified by ``locator``.</doc>
<status status="NOT RUN" starttime="20231223 17:57:27.208" endtime="20231223 17:57:27.209"/>
</kw>
<kw name="Input Text" library="SeleniumLibrary">
<arg>name:title</arg>
<arg>${TITLE}</arg>
<doc>Types the given ``text`` into the text field identified by ``locator``.</doc>
<status status="NOT RUN" starttime="20231223 17:57:27.209" endtime="20231223 17:57:27.209"/>
</kw>
<kw name="Input Text" library="SeleniumLibrary">
<arg>name:location</arg>
<arg>${LOCATION}</arg>
<doc>Types the given ``text`` into the text field identified by ``locator``.</doc>
<status status="NOT RUN" starttime="20231223 17:57:27.210" endtime="20231223 17:57:27.210"/>
</kw>
<kw name="Input Text" library="SeleniumLibrary">
<arg>name:email</arg>
<arg>${JOBEMAIL}</arg>
<doc>Types the given ``text`` into the text field identified by ``locator``.</doc>
<status status="NOT RUN" starttime="20231223 17:57:27.210" endtime="20231223 17:57:27.210"/>
</kw>
<kw name="Input Text" library="SeleniumLibrary">
<arg>name:website</arg>
<arg>${WEBSITE}</arg>
<doc>Types the given ``text`` into the text field identified by ``locator``.</doc>
<status status="NOT RUN" starttime="20231223 17:57:27.211" endtime="20231223 17:57:27.211"/>
</kw>
<kw name="Input Text" library="SeleniumLibrary">
<arg>name:tags</arg>
<arg>${TAGS}</arg>
<doc>Types the given ``text`` into the text field identified by ``locator``.</doc>
<status status="NOT RUN" starttime="20231223 17:57:27.211" endtime="20231223 17:57:27.212"/>
</kw>
<kw name="Input Text" library="SeleniumLibrary">
<arg>name:description</arg>
<arg>${DESCRIPTION}</arg>
<doc>Types the given ``text`` into the text field identified by ``locator``.</doc>
<status status="NOT RUN" starttime="20231223 17:57:27.212" endtime="20231223 17:57:27.212"/>
</kw>
<kw name="Click Element" library="SeleniumLibrary">
<arg>xpath://button[@id='create']</arg>
<doc>Click the element identified by ``locator``.</doc>
<status status="NOT RUN" starttime="20231223 17:57:27.213" endtime="20231223 17:57:27.213"/>
</kw>
<kw name="Close Browser" library="SeleniumLibrary">
<doc>Closes the current browser.</doc>
<status status="NOT RUN" starttime="20231223 17:57:27.213" endtime="20231223 17:57:27.213"/>
</kw>
<status status="FAIL" starttime="20231223 17:57:21.505" endtime="20231223 17:57:27.214">WebDriverException: Message: unknown error: net::ERR_CONNECTION_REFUSED
  (Session info: chrome=120.0.6099.111)
Stacktrace:
	GetHandleVerifier [0x00007FF6693A2142+3514994]
	(No symbol) [0x00007FF668FC0CE2]
	(No symbol) [0x00007FF668E676AA]
	(No symbol) [0x00007FF668E5FB39]
	(No symbol) [0x00007FF668E525DD]
	(No symbol) [0x00007FF668E516FD]
	(No symbol) [0x00007FF668E50746]
	(No symbol) [0x00007FF668E506EB]
	(No symbol) [0x00007FF668E4EE3D]
	(No symbol) [0x00007FF668E4F603]
	(No symbol) [0x00007FF668E6A0FD]
	(No symbol) [0x00007FF668EF2E01]
	(No symbol) [0x00007FF668ED5FEA]
	(No symbol) [0x00007FF668EF28F6]
	(No symbol) [0x00007FF668ED5D93]
	(No symbol) [0x00007FF668EA4BDC]
	(No symbol) [0x00007FF668EA5C64]
	GetHandleVerifier [0x00007FF6693CE16B+3695259]
	GetHandleVerifier [0x00007FF669426737+4057191]
	GetHandleVerifier [0x00007FF66941E4E3+4023827]
	GetHandleVerifier [0x00007FF6690F04F9+689705]
	(No symbol) [0x00007FF668FCC048]
	(No symbol) [0x00007FF668FC8044]
	(No symbol) [0x00007FF668FC81C9]
	(No symbol) [0x00007FF668FB88C4]
	BaseThreadInitThunk [0x00007FFF296B53E0+16]
	RtlUserThreadStart [0x00007FFF2A46485B+43]
</status>
</test>
<test id="s1-s1-s1-t5" name="testcase-5" line="62">
<kw name="Login Success">
<kw name="Open Browser" library="SeleniumLibrary">
<arg>${HOST}</arg>
<arg>${BROWSER}</arg>
<doc>Opens a new browser instance to the optional ``url``.</doc>
<msg timestamp="20231223 17:57:27.219" level="INFO">Opening browser 'headlesschrome' to base url 'http://127.0.0.1:8000'.</msg>
<msg timestamp="20231223 17:57:32.897" level="INFO" html="true">&lt;/td&gt;&lt;/tr&gt;&lt;tr&gt;&lt;td colspan="3"&gt;&lt;a href="selenium-screenshot-71.png"&gt;&lt;img src="selenium-screenshot-71.png" width="800px"&gt;&lt;/a&gt;</msg>
<msg timestamp="20231223 17:57:32.897" level="FAIL">WebDriverException: Message: unknown error: net::ERR_CONNECTION_REFUSED
  (Session info: chrome=120.0.6099.111)
Stacktrace:
	GetHandleVerifier [0x00007FF6693A2142+3514994]
	(No symbol) [0x00007FF668FC0CE2]
	(No symbol) [0x00007FF668E676AA]
	(No symbol) [0x00007FF668E5FB39]
	(No symbol) [0x00007FF668E525DD]
	(No symbol) [0x00007FF668E516FD]
	(No symbol) [0x00007FF668E50746]
	(No symbol) [0x00007FF668E506EB]
	(No symbol) [0x00007FF668E4EE3D]
	(No symbol) [0x00007FF668E4F603]
	(No symbol) [0x00007FF668E6A0FD]
	(No symbol) [0x00007FF668EF2E01]
	(No symbol) [0x00007FF668ED5FEA]
	(No symbol) [0x00007FF668EF28F6]
	(No symbol) [0x00007FF668ED5D93]
	(No symbol) [0x00007FF668EA4BDC]
	(No symbol) [0x00007FF668EA5C64]
	GetHandleVerifier [0x00007FF6693CE16B+3695259]
	GetHandleVerifier [0x00007FF669426737+4057191]
	GetHandleVerifier [0x00007FF66941E4E3+4023827]
	GetHandleVerifier [0x00007FF6690F04F9+689705]
	(No symbol) [0x00007FF668FCC048]
	(No symbol) [0x00007FF668FC8044]
	(No symbol) [0x00007FF668FC81C9]
	(No symbol) [0x00007FF668FB88C4]
	BaseThreadInitThunk [0x00007FFF296B53E0+16]
	RtlUserThreadStart [0x00007FFF2A46485B+43]
</msg>
<status status="FAIL" starttime="20231223 17:57:27.218" endtime="20231223 17:57:32.899"/>
</kw>
<kw name="Click Element" library="SeleniumLibrary">
<arg>xpath://a[@href='/login']</arg>
<doc>Click the element identified by ``locator``.</doc>
<status status="NOT RUN" starttime="20231223 17:57:32.899" endtime="20231223 17:57:32.899"/>
</kw>
<kw name="Page Should Contain Element" library="SeleniumLibrary">
<arg>xpath://input[@name='email']</arg>
<doc>Verifies that element ``locator`` is found on the current page.</doc>
<status status="NOT RUN" starttime="20231223 17:57:32.900" endtime="20231223 17:57:32.900"/>
</kw>
<kw name="Input Text" library="SeleniumLibrary">
<arg>name:email</arg>
<arg>${EMAIL}</arg>
<doc>Types the given ``text`` into the text field identified by ``locator``.</doc>
<status status="NOT RUN" starttime="20231223 17:57:32.900" endtime="20231223 17:57:32.900"/>
</kw>
<kw name="Input Text" library="SeleniumLibrary">
<arg>name:password</arg>
<arg>${PASS-1}</arg>
<doc>Types the given ``text`` into the text field identified by ``locator``.</doc>
<status status="NOT RUN" starttime="20231223 17:57:32.900" endtime="20231223 17:57:32.900"/>
</kw>
<kw name="Click Element" library="SeleniumLibrary">
<arg>xpath://button[@type='submit']</arg>
<doc>Click the element identified by ``locator``.</doc>
<status status="NOT RUN" starttime="20231223 17:57:32.900" endtime="20231223 17:57:32.901"/>
</kw>
<kw name="Page Should Contain Element" library="SeleniumLibrary">
<arg>xpath://a[@href='/listings/manage']</arg>
<doc>Verifies that element ``locator`` is found on the current page.</doc>
<status status="NOT RUN" starttime="20231223 17:57:32.901" endtime="20231223 17:57:32.901"/>
</kw>
<status status="FAIL" starttime="20231223 17:57:27.218" endtime="20231223 17:57:32.901"/>
</kw>
<kw name="Click Element" library="SeleniumLibrary">
<arg>xpath://a[@href='/listings/manage']</arg>
<doc>Click the element identified by ``locator``.</doc>
<status status="NOT RUN" starttime="20231223 17:57:32.902" endtime="20231223 17:57:32.902"/>
</kw>
<kw name="Click Element" library="SeleniumLibrary">
<arg>xpath://button[@id='delete']</arg>
<doc>Click the element identified by ``locator``.</doc>
<status status="NOT RUN" starttime="20231223 17:57:32.902" endtime="20231223 17:57:32.903"/>
</kw>
<kw name="Close Browser" library="SeleniumLibrary">
<doc>Closes the current browser.</doc>
<status status="NOT RUN" starttime="20231223 17:57:32.903" endtime="20231223 17:57:32.903"/>
</kw>
<status status="FAIL" starttime="20231223 17:57:27.217" endtime="20231223 17:57:32.904">WebDriverException: Message: unknown error: net::ERR_CONNECTION_REFUSED
  (Session info: chrome=120.0.6099.111)
Stacktrace:
	GetHandleVerifier [0x00007FF6693A2142+3514994]
	(No symbol) [0x00007FF668FC0CE2]
	(No symbol) [0x00007FF668E676AA]
	(No symbol) [0x00007FF668E5FB39]
	(No symbol) [0x00007FF668E525DD]
	(No symbol) [0x00007FF668E516FD]
	(No symbol) [0x00007FF668E50746]
	(No symbol) [0x00007FF668E506EB]
	(No symbol) [0x00007FF668E4EE3D]
	(No symbol) [0x00007FF668E4F603]
	(No symbol) [0x00007FF668E6A0FD]
	(No symbol) [0x00007FF668EF2E01]
	(No symbol) [0x00007FF668ED5FEA]
	(No symbol) [0x00007FF668EF28F6]
	(No symbol) [0x00007FF668ED5D93]
	(No symbol) [0x00007FF668EA4BDC]
	(No symbol) [0x00007FF668EA5C64]
	GetHandleVerifier [0x00007FF6693CE16B+3695259]
	GetHandleVerifier [0x00007FF669426737+4057191]
	GetHandleVerifier [0x00007FF66941E4E3+4023827]
	GetHandleVerifier [0x00007FF6690F04F9+689705]
	(No symbol) [0x00007FF668FCC048]
	(No symbol) [0x00007FF668FC8044]
	(No symbol) [0x00007FF668FC81C9]
	(No symbol) [0x00007FF668FB88C4]
	BaseThreadInitThunk [0x00007FFF296B53E0+16]
	RtlUserThreadStart [0x00007FFF2A46485B+43]
</status>
</test>
<test id="s1-s1-s1-t6" name="testcase-6" line="68">
<kw name="Login Success">
<kw name="Open Browser" library="SeleniumLibrary">
<arg>${HOST}</arg>
<arg>${BROWSER}</arg>
<doc>Opens a new browser instance to the optional ``url``.</doc>
<msg timestamp="20231223 17:57:32.911" level="INFO">Opening browser 'headlesschrome' to base url 'http://127.0.0.1:8000'.</msg>
<msg timestamp="20231223 17:57:38.780" level="INFO" html="true">&lt;/td&gt;&lt;/tr&gt;&lt;tr&gt;&lt;td colspan="3"&gt;&lt;a href="selenium-screenshot-72.png"&gt;&lt;img src="selenium-screenshot-72.png" width="800px"&gt;&lt;/a&gt;</msg>
<msg timestamp="20231223 17:57:38.780" level="FAIL">WebDriverException: Message: unknown error: net::ERR_CONNECTION_REFUSED
  (Session info: chrome=120.0.6099.111)
Stacktrace:
	GetHandleVerifier [0x00007FF6693A2142+3514994]
	(No symbol) [0x00007FF668FC0CE2]
	(No symbol) [0x00007FF668E676AA]
	(No symbol) [0x00007FF668E5FB39]
	(No symbol) [0x00007FF668E525DD]
	(No symbol) [0x00007FF668E516FD]
	(No symbol) [0x00007FF668E50746]
	(No symbol) [0x00007FF668E506EB]
	(No symbol) [0x00007FF668E4EE3D]
	(No symbol) [0x00007FF668E4F603]
	(No symbol) [0x00007FF668E6A0FD]
	(No symbol) [0x00007FF668EF2E01]
	(No symbol) [0x00007FF668ED5FEA]
	(No symbol) [0x00007FF668EF28F6]
	(No symbol) [0x00007FF668ED5D93]
	(No symbol) [0x00007FF668EA4BDC]
	(No symbol) [0x00007FF668EA5C64]
	GetHandleVerifier [0x00007FF6693CE16B+3695259]
	GetHandleVerifier [0x00007FF669426737+4057191]
	GetHandleVerifier [0x00007FF66941E4E3+4023827]
	GetHandleVerifier [0x00007FF6690F04F9+689705]
	(No symbol) [0x00007FF668FCC048]
	(No symbol) [0x00007FF668FC8044]
	(No symbol) [0x00007FF668FC81C9]
	(No symbol) [0x00007FF668FB88C4]
	BaseThreadInitThunk [0x00007FFF296B53E0+16]
	RtlUserThreadStart [0x00007FFF2A46485B+43]
</msg>
<status status="FAIL" starttime="20231223 17:57:32.910" endtime="20231223 17:57:38.782"/>
</kw>
<kw name="Click Element" library="SeleniumLibrary">
<arg>xpath://a[@href='/login']</arg>
<doc>Click the element identified by ``locator``.</doc>
<status status="NOT RUN" starttime="20231223 17:57:38.782" endtime="20231223 17:57:38.782"/>
</kw>
<kw name="Page Should Contain Element" library="SeleniumLibrary">
<arg>xpath://input[@name='email']</arg>
<doc>Verifies that element ``locator`` is found on the current page.</doc>
<status status="NOT RUN" starttime="20231223 17:57:38.783" endtime="20231223 17:57:38.783"/>
</kw>
<kw name="Input Text" library="SeleniumLibrary">
<arg>name:email</arg>
<arg>${EMAIL}</arg>
<doc>Types the given ``text`` into the text field identified by ``locator``.</doc>
<status status="NOT RUN" starttime="20231223 17:57:38.783" endtime="20231223 17:57:38.783"/>
</kw>
<kw name="Input Text" library="SeleniumLibrary">
<arg>name:password</arg>
<arg>${PASS-1}</arg>
<doc>Types the given ``text`` into the text field identified by ``locator``.</doc>
<status status="NOT RUN" starttime="20231223 17:57:38.783" endtime="20231223 17:57:38.784"/>
</kw>
<kw name="Click Element" library="SeleniumLibrary">
<arg>xpath://button[@type='submit']</arg>
<doc>Click the element identified by ``locator``.</doc>
<status status="NOT RUN" starttime="20231223 17:57:38.784" endtime="20231223 17:57:38.784"/>
</kw>
<kw name="Page Should Contain Element" library="SeleniumLibrary">
<arg>xpath://a[@href='/listings/manage']</arg>
<doc>Verifies that element ``locator`` is found on the current page.</doc>
<status status="NOT RUN" starttime="20231223 17:57:38.784" endtime="20231223 17:57:38.784"/>
</kw>
<status status="FAIL" starttime="20231223 17:57:32.909" endtime="20231223 17:57:38.784"/>
</kw>
<kw name="Click Element" library="SeleniumLibrary">
<arg>xpath://a[@href='/listings/create']</arg>
<doc>Click the element identified by ``locator``.</doc>
<status status="NOT RUN" starttime="20231223 17:57:38.785" endtime="20231223 17:57:38.785"/>
</kw>
<kw name="Page Should Contain Element" library="SeleniumLibrary">
<arg>xpath://input[@name='company']</arg>
<doc>Verifies that element ``locator`` is found on the current page.</doc>
<status status="NOT RUN" starttime="20231223 17:57:38.785" endtime="20231223 17:57:38.786"/>
</kw>
<kw name="Sleep" library="BuiltIn">
<arg>5s</arg>
<doc>Pauses the test executed for the given time.</doc>
<status status="NOT RUN" starttime="20231223 17:57:38.786" endtime="20231223 17:57:38.786"/>
</kw>
<kw name="Scroll Down Until End">
<status status="NOT RUN" starttime="20231223 17:57:38.787" endtime="20231223 17:57:38.787"/>
</kw>
<status status="FAIL" starttime="20231223 17:57:32.908" endtime="20231223 17:57:38.787">WebDriverException: Message: unknown error: net::ERR_CONNECTION_REFUSED
  (Session info: chrome=120.0.6099.111)
Stacktrace:
	GetHandleVerifier [0x00007FF6693A2142+3514994]
	(No symbol) [0x00007FF668FC0CE2]
	(No symbol) [0x00007FF668E676AA]
	(No symbol) [0x00007FF668E5FB39]
	(No symbol) [0x00007FF668E525DD]
	(No symbol) [0x00007FF668E516FD]
	(No symbol) [0x00007FF668E50746]
	(No symbol) [0x00007FF668E506EB]
	(No symbol) [0x00007FF668E4EE3D]
	(No symbol) [0x00007FF668E4F603]
	(No symbol) [0x00007FF668E6A0FD]
	(No symbol) [0x00007FF668EF2E01]
	(No symbol) [0x00007FF668ED5FEA]
	(No symbol) [0x00007FF668EF28F6]
	(No symbol) [0x00007FF668ED5D93]
	(No symbol) [0x00007FF668EA4BDC]
	(No symbol) [0x00007FF668EA5C64]
	GetHandleVerifier [0x00007FF6693CE16B+3695259]
	GetHandleVerifier [0x00007FF669426737+4057191]
	GetHandleVerifier [0x00007FF66941E4E3+4023827]
	GetHandleVerifier [0x00007FF6690F04F9+689705]
	(No symbol) [0x00007FF668FCC048]
	(No symbol) [0x00007FF668FC8044]
	(No symbol) [0x00007FF668FC81C9]
	(No symbol) [0x00007FF668FB88C4]
	BaseThreadInitThunk [0x00007FFF296B53E0+16]
	RtlUserThreadStart [0x00007FFF2A46485B+43]
</status>
</test>
<status status="FAIL" starttime="20231223 17:57:04.316" endtime="20231223 17:57:38.791"/>
</suite>
<suite id="s1-s1-s2" name="Test1" source="C:\Users\SAKTI\Desktop\basic-automation-main\project-demo\test1.robot">
<test id="s1-s1-s2-t1" name="Login Success" line="14">
<kw name="Open Browser" library="SeleniumLibrary">
<arg>${HOST}</arg>
<arg>${BROWSER}</arg>
<doc>Opens a new browser instance to the optional ``url``.</doc>
<msg timestamp="20231223 17:57:38.810" level="INFO">Opening browser 'headlesschrome' to base url 'https://staging.erp.fumui.my.id/login'.</msg>
<status status="PASS" starttime="20231223 17:57:38.809" endtime="20231223 17:58:26.888"/>
</kw>
<kw name="Wait Until Element Is Visible" library="SeleniumLibrary">
<arg>name:email</arg>
<arg>timeout=10s</arg>
<doc>Waits until the element ``locator`` is visible.</doc>
<status status="PASS" starttime="20231223 17:58:26.889" endtime="20231223 17:58:28.235"/>
</kw>
<kw name="Input Text" library="SeleniumLibrary">
<arg>name:email</arg>
<arg>superadmin@maskit.co.id</arg>
<doc>Types the given ``text`` into the text field identified by ``locator``.</doc>
<msg timestamp="20231223 17:58:28.236" level="INFO">Typing text 'superadmin@maskit.co.id' into text field 'name:email'.</msg>
<status status="PASS" starttime="20231223 17:58:28.236" endtime="20231223 17:58:28.351"/>
</kw>
<kw name="Input Text" library="SeleniumLibrary">
<arg>name:password</arg>
<arg>superadmin</arg>
<doc>Types the given ``text`` into the text field identified by ``locator``.</doc>
<msg timestamp="20231223 17:58:28.352" level="INFO">Typing text 'superadmin' into text field 'name:password'.</msg>
<status status="PASS" starttime="20231223 17:58:28.352" endtime="20231223 17:58:28.434"/>
</kw>
<kw name="Click Element" library="SeleniumLibrary">
<arg>xpath://button[@type='submit']</arg>
<doc>Click the element identified by ``locator``.</doc>
<msg timestamp="20231223 17:58:28.435" level="INFO">Clicking element 'xpath://button[@type='submit']'.</msg>
<status status="PASS" starttime="20231223 17:58:28.434" endtime="20231223 17:58:28.482"/>
</kw>
<kw name="Page Should Not Contain Element" library="SeleniumLibrary">
<arg>xpath://a[@href='/']</arg>
<doc>Verifies that element ``locator`` is not found on the current page.</doc>
<msg timestamp="20231223 17:58:28.494" level="INFO">Current page does not contain element 'xpath://a[@href='/']'.</msg>
<status status="PASS" starttime="20231223 17:58:28.483" endtime="20231223 17:58:28.495"/>
</kw>
<status status="PASS" starttime="20231223 17:57:38.808" endtime="20231223 17:58:28.495"/>
</test>
<test id="s1-s1-s2-t2" name="Login Failed" line="22">
<kw name="Open Browser" library="SeleniumLibrary">
<arg>${HOST}</arg>
<arg>${BROWSER}</arg>
<doc>Opens a new browser instance to the optional ``url``.</doc>
<msg timestamp="20231223 17:58:28.498" level="INFO">Opening browser 'headlesschrome' to base url 'https://staging.erp.fumui.my.id/login'.</msg>
<status status="PASS" starttime="20231223 17:58:28.497" endtime="20231223 17:58:34.904"/>
</kw>
<kw name="Wait Until Element Is Visible" library="SeleniumLibrary">
<arg>name:email</arg>
<arg>timeout=10s</arg>
<doc>Waits until the element ``locator`` is visible.</doc>
<status status="PASS" starttime="20231223 17:58:34.905" endtime="20231223 17:58:35.351"/>
</kw>
<kw name="Input Text" library="SeleniumLibrary">
<arg>name:email</arg>
<arg>superadmin@maskit.co.id</arg>
<doc>Types the given ``text`` into the text field identified by ``locator``.</doc>
<msg timestamp="20231223 17:58:35.352" level="INFO">Typing text 'superadmin@maskit.co.id' into text field 'name:email'.</msg>
<status status="PASS" starttime="20231223 17:58:35.352" endtime="20231223 17:58:35.474"/>
</kw>
<kw name="Input Text" library="SeleniumLibrary">
<arg>name:password</arg>
<arg>passwordsalah</arg>
<doc>Types the given ``text`` into the text field identified by ``locator``.</doc>
<msg timestamp="20231223 17:58:35.475" level="INFO">Typing text 'passwordsalah' into text field 'name:password'.</msg>
<status status="PASS" starttime="20231223 17:58:35.475" endtime="20231223 17:58:35.552"/>
</kw>
<kw name="Click Element" library="SeleniumLibrary">
<arg>xpath://button[@type='submit']</arg>
<doc>Click the element identified by ``locator``.</doc>
<msg timestamp="20231223 17:58:35.553" level="INFO">Clicking element 'xpath://button[@type='submit']'.</msg>
<status status="PASS" starttime="20231223 17:58:35.552" endtime="20231223 17:58:35.592"/>
</kw>
<kw name="Wait Until Element Is Visible" library="SeleniumLibrary">
<arg>xpath://div[@class='Toastify__toast-body']/div</arg>
<arg>timeout=10s</arg>
<doc>Waits until the element ``locator`` is visible.</doc>
<status status="PASS" starttime="20231223 17:58:35.593" endtime="20231223 17:58:36.041"/>
</kw>
<kw name="Get Text" library="SeleniumLibrary">
<var>${error_message}</var>
<arg>xpath://div[@class='Toastify__toast-body']/div</arg>
<doc>Returns the text value of the element identified by ``locator``.</doc>
<msg timestamp="20231223 17:58:36.063" level="INFO">${error_message} = </msg>
<status status="PASS" starttime="20231223 17:58:36.042" endtime="20231223 17:58:36.063"/>
</kw>
<kw name="Log" library="BuiltIn">
<arg>${error_message}</arg>
<doc>Logs the given message with the given level.</doc>
<msg timestamp="20231223 17:58:36.065" level="INFO"/>
<status status="PASS" starttime="20231223 17:58:36.064" endtime="20231223 17:58:36.065"/>
</kw>
<status status="PASS" starttime="20231223 17:58:28.497" endtime="20231223 17:58:36.066"/>
</test>
<status status="PASS" starttime="20231223 17:57:38.795" endtime="20231223 17:58:36.068"/>
</suite>
<status status="FAIL" starttime="20231223 17:57:04.079" endtime="20231223 17:58:36.070"/>
</suite>
<suite id="s1-s2" name="Test-Web" source="C:\Users\SAKTI\Desktop\basic-automation-main\test-web">
<suite id="s1-s2-s1" name="Test-Suite" source="C:\Users\SAKTI\Desktop\basic-automation-main\test-web\test-suite.robot">
<test id="s1-s2-s1-t1" name="testcase-login-1" line="9">
<kw name="Open Browser" library="SeleniumLibrary">
<arg>http://127.0.0.1:8000</arg>
<arg>chrome</arg>
<doc>Opens a new browser instance to the optional ``url``.</doc>
<msg timestamp="20231223 17:58:36.081" level="INFO">Opening browser 'chrome' to base url 'http://127.0.0.1:8000'.</msg>
<msg timestamp="20231223 17:58:42.280" level="INFO" html="true">&lt;/td&gt;&lt;/tr&gt;&lt;tr&gt;&lt;td colspan="3"&gt;&lt;a href="selenium-screenshot-73.png"&gt;&lt;img src="selenium-screenshot-73.png" width="800px"&gt;&lt;/a&gt;</msg>
<msg timestamp="20231223 17:58:42.281" level="FAIL">WebDriverException: Message: unknown error: net::ERR_CONNECTION_REFUSED
  (Session info: chrome=120.0.6099.111)
Stacktrace:
	GetHandleVerifier [0x00007FF6693A2142+3514994]
	(No symbol) [0x00007FF668FC0CE2]
	(No symbol) [0x00007FF668E676AA]
	(No symbol) [0x00007FF668E5FB39]
	(No symbol) [0x00007FF668E525DD]
	(No symbol) [0x00007FF668E516FD]
	(No symbol) [0x00007FF668E50746]
	(No symbol) [0x00007FF668E506EB]
	(No symbol) [0x00007FF668E4EE3D]
	(No symbol) [0x00007FF668E4F603]
	(No symbol) [0x00007FF668E6A0FD]
	(No symbol) [0x00007FF668EF2E01]
	(No symbol) [0x00007FF668ED5FEA]
	(No symbol) [0x00007FF668EF28F6]
	(No symbol) [0x00007FF668ED5D93]
	(No symbol) [0x00007FF668EA4BDC]
	(No symbol) [0x00007FF668EA5C64]
	GetHandleVerifier [0x00007FF6693CE16B+3695259]
	GetHandleVerifier [0x00007FF669426737+4057191]
	GetHandleVerifier [0x00007FF66941E4E3+4023827]
	GetHandleVerifier [0x00007FF6690F04F9+689705]
	(No symbol) [0x00007FF668FCC048]
	(No symbol) [0x00007FF668FC8044]
	(No symbol) [0x00007FF668FC81C9]
	(No symbol) [0x00007FF668FB88C4]
	BaseThreadInitThunk [0x00007FFF296B53E0+16]
	RtlUserThreadStart [0x00007FFF2A46485B+43]
</msg>
<status status="FAIL" starttime="20231223 17:58:36.080" endtime="20231223 17:58:42.283"/>
</kw>
<kw name="Click Element" library="SeleniumLibrary">
<arg>xpath://a[@href='/login']</arg>
<doc>Click the element identified by ``locator``.</doc>
<status status="NOT RUN" starttime="20231223 17:58:42.284" endtime="20231223 17:58:42.284"/>
</kw>
<kw name="Page Should Contain Element" library="SeleniumLibrary">
<arg>xpath://input[@name='email']</arg>
<doc>Verifies that element ``locator`` is found on the current page.</doc>
<status status="NOT RUN" starttime="20231223 17:58:42.285" endtime="20231223 17:58:42.285"/>
</kw>
<kw name="Input Text" library="SeleniumLibrary">
<arg>name:email</arg>
<arg>test@mail.com</arg>
<doc>Types the given ``text`` into the text field identified by ``locator``.</doc>
<status status="NOT RUN" starttime="20231223 17:58:42.285" endtime="20231223 17:58:42.285"/>
</kw>
<kw name="Input Text" library="SeleniumLibrary">
<arg>name:password</arg>
<arg>123456</arg>
<doc>Types the given ``text`` into the text field identified by ``locator``.</doc>
<status status="NOT RUN" starttime="20231223 17:58:42.286" endtime="20231223 17:58:42.286"/>
</kw>
<kw name="Click Element" library="SeleniumLibrary">
<arg>xpath://button[@type='submit']</arg>
<doc>Click the element identified by ``locator``.</doc>
<status status="NOT RUN" starttime="20231223 17:58:42.286" endtime="20231223 17:58:42.286"/>
</kw>
<kw name="Page Should Contain Element" library="SeleniumLibrary">
<arg>xpath://span[@id='welcome']</arg>
<doc>Verifies that element ``locator`` is found on the current page.</doc>
<status status="NOT RUN" starttime="20231223 17:58:42.287" endtime="20231223 17:58:42.287"/>
</kw>
<kw name="Close Browser" library="SeleniumLibrary">
<doc>Closes the current browser.</doc>
<status status="NOT RUN" starttime="20231223 17:58:42.287" endtime="20231223 17:58:42.287"/>
</kw>
<status status="FAIL" starttime="20231223 17:58:36.079" endtime="20231223 17:58:42.288">WebDriverException: Message: unknown error: net::ERR_CONNECTION_REFUSED
  (Session info: chrome=120.0.6099.111)
Stacktrace:
	GetHandleVerifier [0x00007FF6693A2142+3514994]
	(No symbol) [0x00007FF668FC0CE2]
	(No symbol) [0x00007FF668E676AA]
	(No symbol) [0x00007FF668E5FB39]
	(No symbol) [0x00007FF668E525DD]
	(No symbol) [0x00007FF668E516FD]
	(No symbol) [0x00007FF668E50746]
	(No symbol) [0x00007FF668E506EB]
	(No symbol) [0x00007FF668E4EE3D]
	(No symbol) [0x00007FF668E4F603]
	(No symbol) [0x00007FF668E6A0FD]
	(No symbol) [0x00007FF668EF2E01]
	(No symbol) [0x00007FF668ED5FEA]
	(No symbol) [0x00007FF668EF28F6]
	(No symbol) [0x00007FF668ED5D93]
	(No symbol) [0x00007FF668EA4BDC]
	(No symbol) [0x00007FF668EA5C64]
	GetHandleVerifier [0x00007FF6693CE16B+3695259]
	GetHandleVerifier [0x00007FF669426737+4057191]
	GetHandleVerifier [0x00007FF66941E4E3+4023827]
	GetHandleVerifier [0x00007FF6690F04F9+689705]
	(No symbol) [0x00007FF668FCC048]
	(No symbol) [0x00007FF668FC8044]
	(No symbol) [0x00007FF668FC81C9]
	(No symbol) [0x00007FF668FB88C4]
	BaseThreadInitThunk [0x00007FFF296B53E0+16]
	RtlUserThreadStart [0x00007FFF2A46485B+43]
</status>
</test>
<test id="s1-s2-s1-t2" name="testcase-login-2" line="20">
<kw name="Open Browser" library="SeleniumLibrary">
<arg>http://127.0.0.1:8000</arg>
<arg>chrome</arg>
<doc>Opens a new browser instance to the optional ``url``.</doc>
<msg timestamp="20231223 17:58:42.294" level="INFO">Opening browser 'chrome' to base url 'http://127.0.0.1:8000'.</msg>
<msg timestamp="20231223 17:58:48.097" level="INFO" html="true">&lt;/td&gt;&lt;/tr&gt;&lt;tr&gt;&lt;td colspan="3"&gt;&lt;a href="selenium-screenshot-74.png"&gt;&lt;img src="selenium-screenshot-74.png" width="800px"&gt;&lt;/a&gt;</msg>
<msg timestamp="20231223 17:58:48.098" level="FAIL">WebDriverException: Message: unknown error: net::ERR_CONNECTION_REFUSED
  (Session info: chrome=120.0.6099.111)
Stacktrace:
	GetHandleVerifier [0x00007FF6693A2142+3514994]
	(No symbol) [0x00007FF668FC0CE2]
	(No symbol) [0x00007FF668E676AA]
	(No symbol) [0x00007FF668E5FB39]
	(No symbol) [0x00007FF668E525DD]
	(No symbol) [0x00007FF668E516FD]
	(No symbol) [0x00007FF668E50746]
	(No symbol) [0x00007FF668E506EB]
	(No symbol) [0x00007FF668E4EE3D]
	(No symbol) [0x00007FF668E4F603]
	(No symbol) [0x00007FF668E6A0FD]
	(No symbol) [0x00007FF668EF2E01]
	(No symbol) [0x00007FF668ED5FEA]
	(No symbol) [0x00007FF668EF28F6]
	(No symbol) [0x00007FF668ED5D93]
	(No symbol) [0x00007FF668EA4BDC]
	(No symbol) [0x00007FF668EA5C64]
	GetHandleVerifier [0x00007FF6693CE16B+3695259]
	GetHandleVerifier [0x00007FF669426737+4057191]
	GetHandleVerifier [0x00007FF66941E4E3+4023827]
	GetHandleVerifier [0x00007FF6690F04F9+689705]
	(No symbol) [0x00007FF668FCC048]
	(No symbol) [0x00007FF668FC8044]
	(No symbol) [0x00007FF668FC81C9]
	(No symbol) [0x00007FF668FB88C4]
	BaseThreadInitThunk [0x00007FFF296B53E0+16]
	RtlUserThreadStart [0x00007FFF2A46485B+43]
</msg>
<status status="FAIL" starttime="20231223 17:58:42.293" endtime="20231223 17:58:48.100"/>
</kw>
<kw name="Click Element" library="SeleniumLibrary">
<arg>xpath://a[@href='/login']</arg>
<doc>Click the element identified by ``locator``.</doc>
<status status="NOT RUN" starttime="20231223 17:58:48.100" endtime="20231223 17:58:48.100"/>
</kw>
<kw name="Page Should Contain Element" library="SeleniumLibrary">
<arg>xpath://input[@name='email']</arg>
<doc>Verifies that element ``locator`` is found on the current page.</doc>
<status status="NOT RUN" starttime="20231223 17:58:48.101" endtime="20231223 17:58:48.101"/>
</kw>
<kw name="Input Text" library="SeleniumLibrary">
<arg>name:email</arg>
<arg>test@mail.com</arg>
<doc>Types the given ``text`` into the text field identified by ``locator``.</doc>
<status status="NOT RUN" starttime="20231223 17:58:48.102" endtime="20231223 17:58:48.102"/>
</kw>
<kw name="Input Text" library="SeleniumLibrary">
<arg>name:password</arg>
<arg>7uyhgt7ygu7</arg>
<doc>Types the given ``text`` into the text field identified by ``locator``.</doc>
<status status="NOT RUN" starttime="20231223 17:58:48.102" endtime="20231223 17:58:48.102"/>
</kw>
<kw name="Click Element" library="SeleniumLibrary">
<arg>xpath://button[@type='submit']</arg>
<doc>Click the element identified by ``locator``.</doc>
<status status="NOT RUN" starttime="20231223 17:58:48.103" endtime="20231223 17:58:48.103"/>
</kw>
<kw name="Page Should Not Contain Element" library="SeleniumLibrary">
<arg>xpath://span[@id='welcome']</arg>
<doc>Verifies that element ``locator`` is not found on the current page.</doc>
<status status="NOT RUN" starttime="20231223 17:58:48.103" endtime="20231223 17:58:48.104"/>
</kw>
<kw name="Close Browser" library="SeleniumLibrary">
<doc>Closes the current browser.</doc>
<status status="NOT RUN" starttime="20231223 17:58:48.104" endtime="20231223 17:58:48.104"/>
</kw>
<status status="FAIL" starttime="20231223 17:58:42.291" endtime="20231223 17:58:48.105">WebDriverException: Message: unknown error: net::ERR_CONNECTION_REFUSED
  (Session info: chrome=120.0.6099.111)
Stacktrace:
	GetHandleVerifier [0x00007FF6693A2142+3514994]
	(No symbol) [0x00007FF668FC0CE2]
	(No symbol) [0x00007FF668E676AA]
	(No symbol) [0x00007FF668E5FB39]
	(No symbol) [0x00007FF668E525DD]
	(No symbol) [0x00007FF668E516FD]
	(No symbol) [0x00007FF668E50746]
	(No symbol) [0x00007FF668E506EB]
	(No symbol) [0x00007FF668E4EE3D]
	(No symbol) [0x00007FF668E4F603]
	(No symbol) [0x00007FF668E6A0FD]
	(No symbol) [0x00007FF668EF2E01]
	(No symbol) [0x00007FF668ED5FEA]
	(No symbol) [0x00007FF668EF28F6]
	(No symbol) [0x00007FF668ED5D93]
	(No symbol) [0x00007FF668EA4BDC]
	(No symbol) [0x00007FF668EA5C64]
	GetHandleVerifier [0x00007FF6693CE16B+3695259]
	GetHandleVerifier [0x00007FF669426737+4057191]
	GetHandleVerifier [0x00007FF66941E4E3+4023827]
	GetHandleVerifier [0x00007FF6690F04F9+689705]
	(No symbol) [0x00007FF668FCC048]
	(No symbol) [0x00007FF668FC8044]
	(No symbol) [0x00007FF668FC81C9]
	(No symbol) [0x00007FF668FB88C4]
	BaseThreadInitThunk [0x00007FFF296B53E0+16]
	RtlUserThreadStart [0x00007FFF2A46485B+43]
</status>
</test>
<status status="FAIL" starttime="20231223 17:58:36.076" endtime="20231223 17:58:48.109"/>
</suite>
<status status="FAIL" starttime="20231223 17:58:36.073" endtime="20231223 17:58:48.112"/>
</suite>
<suite id="s1-s3" name="Test1" source="C:\Users\SAKTI\Desktop\basic-automation-main\test1.robot">
<test id="s1-s3-t1" name="Login Success" line="14">
<kw name="Open Browser" library="SeleniumLibrary">
<arg>${HOST}</arg>
<arg>${BROWSER}</arg>
<doc>Opens a new browser instance to the optional ``url``.</doc>
<msg timestamp="20231223 17:58:48.121" level="INFO">Opening browser 'headlesschrome' to base url 'https://chemons.site/login'.</msg>
<status status="PASS" starttime="20231223 17:58:48.120" endtime="20231223 17:59:22.559"/>
</kw>
<kw name="Page Should Contain Element" library="SeleniumLibrary">
<arg>xpath://input[@name='username']</arg>
<doc>Verifies that element ``locator`` is found on the current page.</doc>
<msg timestamp="20231223 17:59:22.787" level="INFO" html="true">&lt;/td&gt;&lt;/tr&gt;&lt;tr&gt;&lt;td colspan="3"&gt;&lt;a href="selenium-screenshot-75.png"&gt;&lt;img src="selenium-screenshot-75.png" width="800px"&gt;&lt;/a&gt;</msg>
<msg timestamp="20231223 17:59:22.788" level="FAIL">Page should have contained element 'xpath://input[@name='username']' but did not.</msg>
<status status="FAIL" starttime="20231223 17:59:22.560" endtime="20231223 17:59:22.793"/>
</kw>
<kw name="Input Text" library="SeleniumLibrary">
<arg>type:email</arg>
<arg>dosen1@example.com</arg>
<doc>Types the given ``text`` into the text field identified by ``locator``.</doc>
<status status="NOT RUN" starttime="20231223 17:59:22.794" endtime="20231223 17:59:22.794"/>
</kw>
<kw name="Input Text" library="SeleniumLibrary">
<arg>type:password</arg>
<arg>Test123$</arg>
<doc>Types the given ``text`` into the text field identified by ``locator``.</doc>
<status status="NOT RUN" starttime="20231223 17:59:22.794" endtime="20231223 17:59:22.794"/>
</kw>
<kw name="Click Element" library="SeleniumLibrary">
<arg>type:submit</arg>
<doc>Click the element identified by ``locator``.</doc>
<status status="NOT RUN" starttime="20231223 17:59:22.795" endtime="20231223 17:59:22.795"/>
</kw>
<kw name="Page Should Not Contain Element" library="SeleniumLibrary">
<arg>xpath://a[@href='/homepage']</arg>
<doc>Verifies that element ``locator`` is not found on the current page.</doc>
<status status="NOT RUN" starttime="20231223 17:59:22.795" endtime="20231223 17:59:22.795"/>
</kw>
<status status="FAIL" starttime="20231223 17:58:48.119" endtime="20231223 17:59:22.796">Page should have contained element 'xpath://input[@name='username']' but did not.</status>
</test>
<status status="FAIL" starttime="20231223 17:58:48.115" endtime="20231223 17:59:22.798"/>
</suite>
<status status="FAIL" starttime="20231223 17:57:04.039" endtime="20231223 17:59:22.800"/>
</suite>
<statistics>
<total>
<stat pass="2" fail="9" skip="0">All Tests</stat>
</total>
<tag>
</tag>
<suite>
<stat pass="2" fail="9" skip="0" id="s1" name="Basic-Automation-Main">Basic-Automation-Main</stat>
<stat pass="2" fail="6" skip="0" id="s1-s1" name="Project-Demo">Basic-Automation-Main.Project-Demo</stat>
<stat pass="0" fail="6" skip="0" id="s1-s1-s1" name="Test-Suite-1">Basic-Automation-Main.Project-Demo.Test-Suite-1</stat>
<stat pass="2" fail="0" skip="0" id="s1-s1-s2" name="Test1">Basic-Automation-Main.Project-Demo.Test1</stat>
<stat pass="0" fail="2" skip="0" id="s1-s2" name="Test-Web">Basic-Automation-Main.Test-Web</stat>
<stat pass="0" fail="2" skip="0" id="s1-s2-s1" name="Test-Suite">Basic-Automation-Main.Test-Web.Test-Suite</stat>
<stat pass="0" fail="1" skip="0" id="s1-s3" name="Test1">Basic-Automation-Main.Test1</stat>
</suite>
</statistics>
<errors>
</errors>
</robot>
